Error   2025-12-20 11:31:39:718  DevID:  Source-Line:libMvCameraControl.so(OtherLoadLibrary.cpp-L0141)  ProcessName:standard(1043)     Description:[LoadMPAllFunctions]hMPModule is NULL, strMPDllName[/opt/MVS/lib/aarch64/libMediaProcess.so], Ret[libFormatConversion.so: cannot open shared object file: No such file or directory]
Error   2025-12-20 11:31:39:718  DevID:  Source-Line:libMvCameraControl.so(OtherLoadLibrary.cpp-L0147)  ProcessName:standard(1043)     Description:[LoadMPAllFunctions]hMPModule is NULL, strMPDllName[/opt/MVS/lib/aarch64/libMediaProcess.so], Ret[0x8000000c]
Error   2025-12-20 11:31:39:718  DevID:  Source-Line:libMvCameraControl.so(OtherLoadLibrary.cpp-L0734)  ProcessName:standard(1043)     Description:[LoadSRAllFunctions]hSRModule is NULL, Ret[0x8000000c]
Info    2025-12-20 11:31:39:736  DevID:MV-CS016-10UC(DA3038891)  Source-Line:libMvCameraControl.so(U3VDevice.cpp-L0116)  ProcessName:standard(1043)     Description:[Init][U3V Info]Speed[0x320], DeviceAddress[0], VendorName[Hikrobot], ManufacturerInfo[Hikrobot], DeviceVersion[V2.1.4 230927 1116552], UserID[]
Info    2025-12-20 11:31:39:736  DevID:MV-CS016-10UC(DA3038891)  Source-Line:libMvCameraControl.so(MediaProcess.cpp-L0882)  ProcessName:standard(1043)     Description:[SetBayerCvtQuality]Set Bayer CvtQuality success! BayerCvtQuality[1]
Error   2025-12-20 11:31:39:736  DevID:  Source-Line:libMvCameraControl.so(OtherLoadLibrary.cpp-L0380)  ProcessName:standard(1043)     Description:[MV_MP_CreateHandle]MV_MP_CreateHandle is null , may load libary failed.
Error   2025-12-20 11:31:39:736  DevID:MV-CS016-10UC(DA3038891)  Source-Line:libMvCameraControl.so(MediaProcess.cpp-L1709)  ProcessName:standard(1043)     Description:[SetBayerThreadNum]MV_MP_CreateHandle failed.
Error   2025-12-20 11:31:39:736  DevID:MV-CS016-10UC(DA3038891)  Source-Line:libMvCameraControl.so(MediaProcess.cpp-L1730)  ProcessName:standard(1043)     Description:[SetBayerThreadNum]Bayer Thread Num[4] failed, Ret[0x80000000]
Info    2025-12-20 11:31:39:736  DevID:MV-CS016-10UC(DA3038891)  Source-Line:libMvCameraControl.so(MediaProcess.cpp-L0882)  ProcessName:standard(1043)     Description:[SetBayerCvtQuality]Set Bayer CvtQuality success! BayerCvtQuality[1]
Error   2025-12-20 11:31:39:736  DevID:  Source-Line:libMvCameraControl.so(OtherLoadLibrary.cpp-L0380)  ProcessName:standard(1043)     Description:[MV_MP_CreateHandle]MV_MP_CreateHandle is null , may load libary failed.
Error   2025-12-20 11:31:39:736  DevID:MV-CS016-10UC(DA3038891)  Source-Line:libMvCameraControl.so(MediaProcess.cpp-L1709)  ProcessName:standard(1043)     Description:[SetBayerThreadNum]MV_MP_CreateHandle failed.
Error   2025-12-20 11:31:39:736  DevID:MV-CS016-10UC(DA3038891)  Source-Line:libMvCameraControl.so(MediaProcess.cpp-L1730)  ProcessName:standard(1043)     Description:[SetBayerThreadNum]Bayer Thread Num[4] failed, Ret[0x80000000]
Info    2025-12-20 11:31:39:736  DevID:MV-CS016-10UC(DA3038891)  Source-Line:libMvCameraControl.so(U3VDevice.cpp-L0667)  ProcessName:standard(1043)     Description:[IsValidVersion]CamCtrl[0x4050003], U3V SDKVersion[0x4050003], DriverVersion[0x0]
Info    2025-12-20 11:31:40:429  DevID:MV-CS016-10UC(DA3038891)  Source-Line:libMvCameraControl.so(U3VDevice.cpp-L0636)  ProcessName:standard(1043)     Description:[GetGenICamXML]Get XML success!
Info    2025-12-20 11:31:40:429  DevID:MV-CS016-10UC(DA3038891)  Source-Line:libMvCameraControl.so(U3VDevice.cpp-L0873)  ProcessName:standard(1043)     Description:[OpenDevice]Get GenICamXML len [0xc742e] Type[1]
Info    2025-12-20 11:31:40:588  DevID:MV-CS016-10UC(DA3038891)  Source-Line:libMvCameraControl.so(U3VDevice.cpp-L1091)  ProcessName:standard(1043)     Description:[SetTransferSize]Set Transfer Size success! TransferSize[1048576]
Info    2025-12-20 11:31:40:588  DevID:MV-CS016-10UC(DA3038891)  Source-Line:libMvCameraControl.so(U3VDevice.cpp-L1147)  ProcessName:standard(1043)     Description:[SetStreamPayloadTimeout]Set StreamPayload Timeout success! StreamPayloadTimeout[50]
Info    2025-12-20 11:31:40:588  DevID:MV-CS016-10UC(DA3038891)  Source-Line:libMvCameraControl.so(U3VDevice.cpp-L1175)  ProcessName:standard(1043)     Description:[SetSIControlRegTimeout]Set nSIControlReg Timeout success! nSIControlRegTimeout[30]
Info    2025-12-20 11:31:40:588  DevID:MV-CS016-10UC(DA3038891)  Source-Line:libMvCameraControl.so(U3VDevice.cpp-L1203)  ProcessName:standard(1043)     Description:[SetSyncTimeout]Set sync Timeout success! nSyncTimeout[1000]
Info    2025-12-20 11:31:40:591  DevID:MV-CS016-10UC(DA3038891)  Source-Line:libMvCameraControl.so(GenICamImpl.cpp-L0679)  ProcessName:standard(1043)     Description:[InvalidateNodes]Invalidate Nodes success
Info    2025-12-20 11:31:40:591  DevID:MV-CS016-10UC(DA3038891)  Source-Line:libMvCameraControl.so(U3VDevice.cpp-L0913)  ProcessName:standard(1043)     Description:[OpenDevice]Invalidate Nodes success
Info    2025-12-20 11:31:40:592  DevID:MV-CS016-10UC(DA3038891)  Source-Line:libMvCameraControl.so(U3VDevice.cpp-L0925)  ProcessName:standard(1043)     Description:[OpenDevice]Open device success! PrivilegeMode[1], SwitchoverKey[0], DeviceUptime[23],DeviceFirmwareVersion[V2.1.4 2309271116552 23092502]
Info    2025-12-20 11:31:40:592  DevID:MV-CS016-10UC(DA3038891)  Source-Line:libMvCameraControl.so(MediaProcess.cpp-L0882)  ProcessName:standard(1043)     Description:[SetBayerCvtQuality]Set Bayer CvtQuality success! BayerCvtQuality[1]
Error   2025-12-20 11:31:40:592  DevID:  Source-Line:libMvCameraControl.so(OtherLoadLibrary.cpp-L0380)  ProcessName:standard(1043)     Description:[MV_MP_CreateHandle]MV_MP_CreateHandle is null , may load libary failed.
Error   2025-12-20 11:31:40:592  DevID:MV-CS016-10UC(DA3038891)  Source-Line:libMvCameraControl.so(MediaProcess.cpp-L1709)  ProcessName:standard(1043)     Description:[SetBayerThreadNum]MV_MP_CreateHandle failed.
Error   2025-12-20 11:31:40:592  DevID:MV-CS016-10UC(DA3038891)  Source-Line:libMvCameraControl.so(MediaProcess.cpp-L1730)  ProcessName:standard(1043)     Description:[SetBayerThreadNum]Bayer Thread Num[4] failed, Ret[0x80000000]
Info    2025-12-20 11:31:40:592  DevID:MV-CS016-10UC(DA3038891)  Source-Line:libMvCameraControl.so(U3VDevice.cpp-L0938)  ProcessName:standard(1043)     Description:[OpenDevice]OpenDevice, cost time 856.000000ms 
Info    2025-12-20 11:31:40:592  DevID:  Source-Line:libMvCameraControl.so(GenICamImpl.cpp-L2091)  ProcessName:standard(1043)     Description:[RecordThread]RecordThread Start, ThreadId[1601996864]
Info    2025-12-20 11:31:40:593  DevID:MV-CS016-10UC(DA3038891)  Source-Line:libMvCameraControl.so(GenICamImpl.cpp-L2116)  ProcessName:standard(1043)     Description:[RecordThreadProc][Record] Get BlackLevel value [240]
Info    2025-12-20 11:31:40:596  DevID:MV-CS016-10UC(DA3038891)  Source-Line:libMvCameraControl.so(GenICamImpl.cpp-L1948)  ProcessName:standard(1043)     Description:[GetImageInfo]Get Image Info success!
Info    2025-12-20 11:31:40:596  DevID:MV-CS016-10UC(DA3038891)  Source-Line:libMvCameraControl.so(GenICamImpl.cpp-L2133)  ProcessName:standard(1043)     Description:[RecordThreadProc][Record] Get BalanceWhiteAuto Value [1] (0:off 1:contineu; 2:once):
Info    2025-12-20 11:31:40:598  DevID:MV-CS016-10UC(DA3038891)  Source-Line:libMvCameraControl.so(GenICamImpl.cpp-L2188)  ProcessName:standard(1043)     Description:[RecordThreadProc][Record] Get ExposureAuto value [0]
Info    2025-12-20 11:31:40:600  DevID:MV-CS016-10UC(DA3038891)  Source-Line:libMvCameraControl.so(GenICamImpl.cpp-L2205)  ProcessName:standard(1043)     Description:[RecordThreadProc][Record] Get ExposureTime value [5000.000000] 
Info    2025-12-20 11:31:40:603  DevID:MV-CS016-10UC(DA3038891)  Source-Line:libMvCameraControl.so(GenICamImpl.cpp-L2221)  ProcessName:standard(1043)     Description:[RecordThreadProc][Record] Get GainAuto value [0] (0:off 1:contineu; 2:once):
Info    2025-12-20 11:31:40:604  DevID:MV-CS016-10UC(DA3038891)  Source-Line:libMvCameraControl.so(GenICamImpl.cpp-L2237)  ProcessName:standard(1043)     Description:[RecordThreadProc][Record] Get Gain value [0.000000] 
Info    2025-12-20 11:31:40:605  DevID:MV-CS016-10UC(DA3038891)  Source-Line:libMvCameraControl.so(GenICamImpl.cpp-L2253)  ProcessName:standard(1043)     Description:[RecordThreadProc][Record] Get PixelFormat value [17301513] :
Info    2025-12-20 11:31:40:606  DevID:MV-CS016-10UC(DA3038891)  Source-Line:libMvCameraControl.so(GenICamImpl.cpp-L2302)  ProcessName:standard(1043)     Description:[RecordThreadProc][Record] Get UserSetCurrent value [0]
Info    2025-12-20 11:31:40:608  DevID:MV-CS016-10UC(DA3038891)  Source-Line:libMvCameraControl.so(GenICamImpl.cpp-L2318)  ProcessName:standard(1043)     Description:[RecordThreadProc][Record] Get UserSetSelector value [0] 
Error   2025-12-20 11:31:40:610  DevID:MV-CS016-10UC(DA3038891)  Source-Line:libMvCameraControl.so(XmlParse.cpp-L3149)  ProcessName:standard(1043)     Description:[SetBooleanValue]Set Node Value, NodeName[GammaEnable], AccessException[Node is not writable. : AccessException thrown in node 'GammaEnable' while calling 'GammaEnable.SetValue()' (file 'BooleanT.h', line 61)]
Error   2025-12-20 11:31:40:610  DevID:MV-CS016-10UC(DA3038891)  Source-Line:libMvCameraControl.so(GenICamImpl.cpp-L0504)  ProcessName:standard(1043)     Description:[SetBoolValue]Property[GammaEnable], Value[1], Ret[0x80000106]
Info    2025-12-20 11:31:40:610  DevID:MV-CS016-10UC(DA3038891)  Source-Line:libMvCameraControl.so(GenICamImpl.cpp-L2334)  ProcessName:standard(1043)     Description:[RecordThreadProc][Record] Get UserSetDefault value[0]
Info    2025-12-20 11:31:40:610  DevID:  Source-Line:libMvCameraControl.so(GenICamImpl.cpp-L2096)  ProcessName:standard(1043)     Description:[RecordThread]RecordThread End, ThreadId[1601996864]
Error   2025-12-20 11:31:40:610  DevID:MV-CS016-10UC(DA3038891)  Source-Line:libMvCameraControl.so(XmlParse.cpp-L2908)  ProcessName:standard(1043)     Description:[GetFloatValue]Get Node Value, NodeName[Gamma], AccessException[Node is not readable. : AccessException thrown in node 'Gamma' while calling 'Gamma.GetValue()' (file 'FloatT.h', line 291)]
Error   2025-12-20 11:31:40:610  DevID:MV-CS016-10UC(DA3038891)  Source-Line:libMvCameraControl.so(GenICamImpl.cpp-L0419)  ProcessName:standard(1043)     Description:[GetFloatValue]Property[Gamma], Ret[0x80000106]
Error   2025-12-20 11:31:40:939  DevID:MV-CS016-10UC(DA3038891)  Source-Line:libMvCameraControl.so(GenICamImpl.cpp-L0900)  ProcessName:standard(1043)     Description:[XML_GetNodeAccessMode]PropertyName[PartialImageOutputMode], Ret[0x80000100]
Error   2025-12-20 11:31:40:939  DevID:MV-CS016-10UC(DA3038891)  Source-Line:libMvCameraControl.so(XmlParse.cpp-L2388)  ProcessName:standard(1043)     Description:[GetEnumValue]Get Node Value, Node does not exist, NodeName[PartialImageOutputMode]
Error   2025-12-20 11:31:40:939  DevID:MV-CS016-10UC(DA3038891)  Source-Line:libMvCameraControl.so(GenICamImpl.cpp-L0297)  ProcessName:standard(1043)     Description:[GetEnumValue]Property[PartialImageOutputMode], Ret[0x80000100]
Info    2025-12-20 11:31:40:939  DevID:MV-CS016-10UC(DA3038891)  Source-Line:libMvCameraControl.so(U3VStream.cpp-L0047)  ProcessName:standard(1043)     Description:[StartGrabbing][U3V]Start Grabbing, DeviceUptime[23]
Info    2025-12-20 11:31:40:950  DevID:MV-CS016-10UC(DA3038891)  Source-Line:libMvCameraControl.so(StreamGrab.cpp-L0437)  ProcessName:standard(1043)     Description:[StartGrabbing]Start grabbing success, There is no registration callback.
